Determining if the pthread_create exist failed with the following output:
Change Dir: /home/ana/Documents/S7/Programmation réseaux/build/CMakeFiles/CMakeTmp

Run Build Command:"/usr/bin/make" "cmTC_17f02/fast"
make[1]: Entering directory '/home/ana/Documents/S7/Programmation réseaux/build/CMakeFiles/CMakeTmp'
/usr/bin/make -f CMakeFiles/cmTC_17f02.dir/build.make CMakeFiles/cmTC_17f02.dir/build
make[2]: Entering directory '/home/ana/Documents/S7/Programmation réseaux/build/CMakeFiles/CMakeTmp'
Building C object CMakeFiles/cmTC_17f02.dir/CheckSymbolExists.c.o
/usr/bin/cc     -o CMakeFiles/cmTC_17f02.dir/CheckSymbolExists.c.o   -c "/home/ana/Documents/S7/Programmation réseaux/build/CMakeFiles/CMakeTmp/CheckSymbolExists.c"
Linking C executable cmTC_17f02
/usr/bin/cmake -E cmake_link_script CMakeFiles/cmTC_17f02.dir/link.txt --verbose=1
/usr/bin/cc       CMakeFiles/cmTC_17f02.dir/CheckSymbolExists.c.o  -o cmTC_17f02 -rdynamic 
CMakeFiles/cmTC_17f02.dir/CheckSymbolExists.c.o: In function `main':
CheckSymbolExists.c:(.text+0x16): undefined reference to `pthread_create'
collect2: error: ld returned 1 exit status
CMakeFiles/cmTC_17f02.dir/build.make:97: recipe for target 'cmTC_17f02' failed
make[2]: *** [cmTC_17f02] Error 1
make[2]: Leaving directory '/home/ana/Documents/S7/Programmation réseaux/build/CMakeFiles/CMakeTmp'
Makefile:126: recipe for target 'cmTC_17f02/fast' failed
make[1]: *** [cmTC_17f02/fast] Error 2
make[1]: Leaving directory '/home/ana/Documents/S7/Programmation réseaux/build/CMakeFiles/CMakeTmp'

File /home/ana/Documents/S7/Programmation réseaux/build/CMakeFiles/CMakeTmp/CheckSymbolExists.c:
/* */
#include <pthread.h>

int main(int argc, char** argv)
{
  (void)argv;
#ifndef pthread_create
  return ((int*)(&pthread_create))[argc];
#else
  (void)argc;
  return 0;
#endif
}

Determining if the function pthread_create exists in the pthreads failed with the following output:
Change Dir: /home/ana/Documents/S7/Programmation réseaux/build/CMakeFiles/CMakeTmp

Run Build Command:"/usr/bin/make" "cmTC_37cf8/fast"
make[1]: Entering directory '/home/ana/Documents/S7/Programmation réseaux/build/CMakeFiles/CMakeTmp'
/usr/bin/make -f CMakeFiles/cmTC_37cf8.dir/build.make CMakeFiles/cmTC_37cf8.dir/build
make[2]: Entering directory '/home/ana/Documents/S7/Programmation réseaux/build/CMakeFiles/CMakeTmp'
Building C object CMakeFiles/cmTC_37cf8.dir/CheckFunctionExists.c.o
/usr/bin/cc    -DCHECK_FUNCTION_EXISTS=pthread_create   -o CMakeFiles/cmTC_37cf8.dir/CheckFunctionExists.c.o   -c /usr/share/cmake-3.5/Modules/CheckFunctionExists.c
Linking C executable cmTC_37cf8
/usr/bin/cmake -E cmake_link_script CMakeFiles/cmTC_37cf8.dir/link.txt --verbose=1
/usr/bin/cc   -DCHECK_FUNCTION_EXISTS=pthread_create    CMakeFiles/cmTC_37cf8.dir/CheckFunctionExists.c.o  -o cmTC_37cf8 -rdynamic -lpthreads 
/usr/bin/ld: cannot find -lpthreads
collect2: error: ld returned 1 exit status
CMakeFiles/cmTC_37cf8.dir/build.make:97: recipe for target 'cmTC_37cf8' failed
make[2]: *** [cmTC_37cf8] Error 1
make[2]: Leaving directory '/home/ana/Documents/S7/Programmation réseaux/build/CMakeFiles/CMakeTmp'
Makefile:126: recipe for target 'cmTC_37cf8/fast' failed
make[1]: *** [cmTC_37cf8/fast] Error 2
make[1]: Leaving directory '/home/ana/Documents/S7/Programmation réseaux/build/CMakeFiles/CMakeTmp'


